<?xml version="1.0" encoding="UTF-8"?>
<!-- Generated by org.testng.reporters.JUnitReportReporter -->
<testsuite hostname="DESKTOP-CCUD8MA" failures="0" tests="1" name="Jenkins.JenkinsDemo.VerifyTitle" time="0.017" errors="0" timestamp="2023-07-19T10:16:30 IST" skipped="0">
  <testcase classname="Jenkins.JenkinsDemo.VerifyTitle" name="titleVerification" time="0.017"/>
</testsuite> <!-- Jenkins.JenkinsDemo.VerifyTitle -->
